#
# There is insufficient memory for the Java Runtime Environment to continue.
# Native memory allocation (mmap) failed to map 98566144 bytes. Error detail: G1 virtual space
# Possible reasons:
#   The system is out of physical RAM or swap space
#   This process is running with CompressedOops enabled, and the Java Heap may be blocking the growth of the native heap
# Possible solutions:
#   Reduce memory load on the system
#   Increase physical memory or swap space
#   Check if swap backing store is full
#   Decrease Java heap size (-Xmx/-Xms)
#   Decrease number of Java threads
#   Decrease Java thread stack sizes (-Xss)
#   Set larger code cache with -XX:ReservedCodeCacheSize=
#   JVM is running with Unscaled Compressed Oops mode in which the Java heap is
#     placed in the first 4GB address space. The Java Heap base address is the
#     maximum limit for the native heap growth. Please use -XX:HeapBaseMinAddress
#     to set the Java Heap base and to place the Java Heap above 4GB virtual address.
# This output file may be truncated or incomplete.
#
#  Out of Memory Error (os_windows.cpp:3815), pid=19084, tid=14012
#
# JRE version:  (21.0.3) (build )
# Java VM: OpenJDK 64-Bit Server VM (21.0.3+-12282718-b509.11, mixed mode, sharing, tiered, compressed oops, compressed class ptrs, g1 gc, windows-amd64)
# No core dump will be written. Minidumps are not enabled by default on client versions of Windows
#

---------------  S U M M A R Y ------------

Command Line: git4idea.http.GitAskPassApp Username for 'https://github.com': 

Host: AMD Ryzen 5 5500U with Radeon Graphics         , 12 cores, 5G,  Windows 11 , 64 bit Build 22621 (10.0.22621.4391)
Time: Sat Dec 21 19:11:01 2024 India Standard Time elapsed time: 0.038434 seconds (0d 0h 0m 0s)

---------------  T H R E A D  ---------------

Current thread (0x000001eac6fc98d0):  JavaThread "Unknown thread" [_thread_in_vm, id=14012, stack(0x000000e034600000,0x000000e034700000) (1024K)]

Stack: [0x000000e034600000,0x000000e034700000]
Native frames: (J=compiled Java code, j=interpreted, Vv=VM code, C=native code)
V  [jvm.dll+0x6cafb9]
V  [jvm.dll+0x858523]
V  [jvm.dll+0x85aa7e]
V  [jvm.dll+0x85b163]
V  [jvm.dll+0x27d356]
V  [jvm.dll+0x6c7865]
V  [jvm.dll+0x6bbd3a]
V  [jvm.dll+0x35199b]
V  [jvm.dll+0x3595d6]
V  [jvm.dll+0x3aa826]
V  [jvm.dll+0x3aaaf8]
V  [jvm.dll+0x3240bc]
V  [jvm.dll+0x324dab]
V  [jvm.dll+0x81fd89]
V  [jvm.dll+0x3b7c08]
V  [jvm.dll+0x80921d]
V  [jvm.dll+0x44c05e]
V  [jvm.dll+0x44d6b1]
C  [jli.dll+0x52ab]
C  [ucrtbase.dll+0x29333]
C  [KERNEL32.DLL+0x1259d]
C  [ntdll.dll+0x5af38]


---------------  P R O C E S S  ---------------

Threads class SMR info:
_java_thread_list=0x00007ffc1e7057c8, length=0, elements={
}

Java Threads: ( => current thread )
Total: 0

Other Threads:
  0x000001eac700d730 WorkerThread "GC Thread#0"                     [id=11052, stack(0x000000e034700000,0x000000e034800000) (1024K)]
  0x000001eac701a160 ConcurrentGCThread "G1 Main Marker"            [id=14096, stack(0x000000e034800000,0x000000e034900000) (1024K)]
  0x000001eac701ab70 WorkerThread "G1 Conc#0"                       [id=21212, stack(0x000000e034900000,0x000000e034a00000) (1024K)]

[error occurred during error reporting (printing all threads), id 0xc0000005, EXCEPTION_ACCESS_VIOLATION (0xc0000005) at pc=0x00007ffc1df07197]
VM state: not at safepoint (not fully initialized)

VM Mutex/Monitor currently owned by a thread:  ([mutex/lock_event])
[0x00007ffc1e7721c8] Heap_lock - owner thread: 0x000001eac6fc98d0

Heap address: 0x00000000a2600000, size: 1498 MB, Compressed Oops mode: 32-bit

CDS archive(s) mapped at: [0x0000000000000000-0x0000000000000000-0x0000000000000000), size 0, SharedBaseAddress: 0x0000000800000000, ArchiveRelocationMode: 1.
Narrow klass base: 0x0000000000000000, Narrow klass shift: 0, Narrow klass range: 0x0

GC Precious Log:
 CardTable entry size: 512
 Card Set container configuration: InlinePtr #cards 5 size 8 Array Of Cards #cards 12 size 40 Howl #buckets 4 coarsen threshold 1843 Howl Bitmap #cards 512 size 80 coarsen threshold 460 Card regions per heap region 1 cards per card region 2048

Heap:
 garbage-first heap   total 0K, used 0K [0x00000000a2600000, 0x0000000100000000)
  region size 1024K, 0 young (0K), 0 survivors (0K)
 Metaspace       used 0K, committed 0K, reserved 0K
  class space    used 0K, committed 0K, reserved 0K

Heap Regions: E=young(eden), S=young(survivor), O=old, HS=humongous(starts), HC=humongous(continues), CS=collection set, F=free, TAMS=top-at-mark-start, PB=parsable bottom

Card table byte_map: [0x000001ead9960000,0x000001ead9c50000] _byte_map_base: 0x000001ead944d000

Marking Bits: (CMBitMap*) 0x000001eac700dd40
 Bits: [0x000001ead9c50000, 0x000001eadb3b8000)

GC Heap History (0 events):
No events

Dll operation events (1 events):
Event: 0.022 Loaded shared library C:\Program Files\Android\Android Studio\jbr\bin\java.dll

Deoptimization events (0 events):
No events

Classes loaded (0 events):
No events

Classes unloaded (0 events):
No events

Classes redefined (0 events):
No events

Internal exceptions (0 events):
No events

ZGC Phase Switch (0 events):
No events

VM Operations (0 events):
No events

Events (0 events):
No events


Dynamic libraries:
0x00007ff734130000 - 0x00007ff73413a000 	C:\Program Files\Android\Android Studio\jbr\bin\java.exe
0x00007ffc661f0000 - 0x00007ffc66407000 	C:\WINDOWS\SYSTEM32\ntdll.dll
0x00007ffc64940000 - 0x00007ffc64a04000 	C:\WINDOWS\System32\KERNEL32.DLL
0x00007ffc63780000 - 0x00007ffc63b3a000 	C:\WINDOWS\System32\KERNELBASE.dll
0x00007ffc63be0000 - 0x00007ffc63cf1000 	C:\WINDOWS\System32\ucrtbase.dll
0x00007ffc52230000 - 0x00007ffc52248000 	C:\Program Files\Android\Android Studio\jbr\bin\jli.dll
0x00007ffc46ae0000 - 0x00007ffc46afb000 	C:\Program Files\Android\Android Studio\jbr\bin\VCRUNTIME140.dll
0x00007ffc64150000 - 0x00007ffc642fe000 	C:\WINDOWS\System32\USER32.dll
0x00007ffc63580000 - 0x00007ffc635a6000 	C:\WINDOWS\System32\win32u.dll
0x00007ffc64060000 - 0x00007ffc64089000 	C:\WINDOWS\System32\GDI32.dll
0x00007ffc63660000 - 0x00007ffc6377b000 	C:\WINDOWS\System32\gdi32full.dll
0x00007ffc63b40000 - 0x00007ffc63bda000 	C:\WINDOWS\System32\msvcp_win.dll
0x00007ffc4b1d0000 - 0x00007ffc4b462000 	C:\WINDOWS\WinSxS\amd64_microsoft.windows.common-controls_6595b64144ccf1df_6.0.22621.4541_none_2710d1c57384c085\COMCTL32.dll
0x00007ffc64840000 - 0x00007ffc648e7000 	C:\WINDOWS\System32\msvcrt.dll
0x00007ffc64740000 - 0x00007ffc64771000 	C:\WINDOWS\System32\IMM32.DLL
0x00007ffc5b900000 - 0x00007ffc5b90c000 	C:\Program Files\Android\Android Studio\jbr\bin\vcruntime140_1.dll
0x00007ffc521a0000 - 0x00007ffc5222d000 	C:\Program Files\Android\Android Studio\jbr\bin\msvcp140.dll
0x00007ffc1dbd0000 - 0x00007ffc1e84d000 	C:\Program Files\Android\Android Studio\jbr\bin\server\jvm.dll
0x00007ffc64090000 - 0x00007ffc64142000 	C:\WINDOWS\System32\ADVAPI32.dll
0x00007ffc64780000 - 0x00007ffc64827000 	C:\WINDOWS\System32\sechost.dll
0x00007ffc63630000 - 0x00007ffc63658000 	C:\WINDOWS\System32\bcrypt.dll
0x00007ffc65560000 - 0x00007ffc65674000 	C:\WINDOWS\System32\RPCRT4.dll
0x00007ffc63fd0000 - 0x00007ffc64041000 	C:\WINDOWS\System32\WS2_32.dll
0x00007ffc5b710000 - 0x00007ffc5b71a000 	C:\WINDOWS\SYSTEM32\VERSION.dll
0x00007ffc5eae0000 - 0x00007ffc5eb14000 	C:\WINDOWS\SYSTEM32\WINMM.dll
0x00007ffc63390000 - 0x00007ffc633dd000 	C:\WINDOWS\SYSTEM32\POWRPROF.dll
0x00007ffc63370000 - 0x00007ffc63383000 	C:\WINDOWS\SYSTEM32\UMPDC.dll
0x00007ffc624e0000 - 0x00007ffc624f8000 	C:\WINDOWS\SYSTEM32\kernel.appcore.dll
0x00007ffc48190000 - 0x00007ffc4819a000 	C:\Program Files\Android\Android Studio\jbr\bin\jimage.dll
0x00007ffc60ea0000 - 0x00007ffc610d2000 	C:\WINDOWS\SYSTEM32\DBGHELP.DLL
0x00007ffc65990000 - 0x00007ffc65d1f000 	C:\WINDOWS\System32\combase.dll
0x00007ffc63ef0000 - 0x00007ffc63fc7000 	C:\WINDOWS\System32\OLEAUT32.dll
0x00007ffc5b810000 - 0x00007ffc5b842000 	C:\WINDOWS\SYSTEM32\dbgcore.DLL
0x00007ffc63d00000 - 0x00007ffc63d7b000 	C:\WINDOWS\System32\bcryptPrimitives.dll
0x00007ffc407c0000 - 0x00007ffc407df000 	C:\Program Files\Android\Android Studio\jbr\bin\java.dll

dbghelp: loaded successfully - version: 4.0.5 - missing functions: none
symbol engine: initialized successfully - sym options: 0x614 - pdb path: .;C:\Program Files\Android\Android Studio\jbr\bin;C:\WINDOWS\SYSTEM32;C:\WINDOWS\WinSxS\amd64_microsoft.windows.common-controls_6595b64144ccf1df_6.0.22621.4541_none_2710d1c57384c085;C:\Program Files\Android\Android Studio\jbr\bin\server

VM Arguments:
java_command: git4idea.http.GitAskPassApp Username for 'https://github.com': 
java_class_path (initial): C:/Program Files/Android/Android Studio/plugins/vcs-git/lib/git4idea-rt.jar;C:/Program Files/Android/Android Studio/lib/externalProcess-rt.jar
Launcher Type: SUN_STANDARD

[Global flags]
     intx CICompilerCount                          = 4                                         {product} {ergonomic}
     uint ConcGCThreads                            = 3                                         {product} {ergonomic}
     uint G1ConcRefinementThreads                  = 10                                        {product} {ergonomic}
   size_t G1HeapRegionSize                         = 1048576                                   {product} {ergonomic}
    uintx GCDrainStackTargetSize                   = 64                                        {product} {ergonomic}
   size_t InitialHeapSize                          = 98566144                                  {product} {ergonomic}
   size_t MarkStackSize                            = 4194304                                   {product} {ergonomic}
   size_t MaxHeapSize                              = 1570766848                                {product} {ergonomic}
   size_t MinHeapDeltaBytes                        = 1048576                                   {product} {ergonomic}
   size_t MinHeapSize                              = 8388608                                   {product} {ergonomic}
    uintx NonNMethodCodeHeapSize                   = 5839372                                {pd product} {ergonomic}
    uintx NonProfiledCodeHeapSize                  = 122909434                              {pd product} {ergonomic}
    uintx ProfiledCodeHeapSize                     = 122909434                              {pd product} {ergonomic}
    uintx ReservedCodeCacheSize                    = 251658240                              {pd product} {ergonomic}
     bool SegmentedCodeCache                       = true                                      {product} {ergonomic}
   size_t SoftMaxHeapSize                          = 1570766848                             {manageable} {ergonomic}
     bool UseCompressedOops                        = true                           {product lp64_product} {ergonomic}
     bool UseG1GC                                  = true                                      {product} {ergonomic}
     bool UseLargePagesIndividualAllocation        = false                                  {pd product} {ergonomic}

Logging:
Log output configuration:
 #0: stdout all=warning uptime,level,tags foldmultilines=false
 #1: stderr all=off uptime,level,tags foldmultilines=false

Environment Variables:
PATH=C:\Program Files\Git\mingw64\libexec\git-core;C:\Program Files\Git\mingw64\libexec\git-core;C:\Program Files\Git\mingw64\bin;C:\Program Files\Git\usr\bin;C:\Users\shash\bin;C:\WINDOWS\system32;C:\WINDOWS;C:\WINDOWS\System32\Wbem;C:\WINDOWS\System32\WindowsPowerShell\v1.0;C:\WINDOWS\System32\OpenSSH;C:\Program Files\Git\cmd;C:\Users\shash\AppData\Local\Microsoft\WindowsApps
USERNAME=shash
DISPLAY=:0.0
LC_ALL=en_US.UTF-8
TERM=xterm-256color
TMPDIR=C:\Users\shash\AppData\Local\Temp
OS=Windows_NT
PROCESSOR_IDENTIFIER=AMD64 Family 23 Model 104 Stepping 1, AuthenticAMD
TMP=C:\Users\shash\AppData\Local\Temp
TEMP=C:\Users\shash\AppData\Local\Temp




Periodic native trim disabled

JNI global refs:
JNI global refs: 0, weak refs: 0

JNI global refs memory usage: 0, weak refs: 0

Process memory usage:
Resident Set Size: 10980K (0% of 6133188K total physical memory with 173488K free physical memory)

OOME stack traces (most recent first):
Classloader memory used:

---------------  S Y S T E M  ---------------

OS:
 Windows 11 , 64 bit Build 22621 (10.0.22621.4391)
OS uptime: 3 days 23:39 hours
Hyper-V role detected

CPU: total 12 (initial active 12) (12 cores per cpu, 2 threads per core) family 23 model 104 stepping 1 microcode 0x0, cx8, cmov, fxsr, ht, mmx, 3dnowpref, sse, sse2, sse3, ssse3, sse4a, sse4.1, sse4.2, popcnt, lzcnt, tsc, tscinvbit, avx, avx2, aes, clmul, bmi1, bmi2, adx, sha, fma, vzeroupper, clflush, clflushopt, hv, rdtscp, rdpid, f16c
Processor Information for processor 0
  Max Mhz: 2100, Current Mhz: 2100, Mhz Limit: 2100
Processor Information for processor 1
  Max Mhz: 2100, Current Mhz: 2100, Mhz Limit: 2100
Processor Information for processor 2
  Max Mhz: 2100, Current Mhz: 2100, Mhz Limit: 2100
Processor Information for processor 3
  Max Mhz: 2100, Current Mhz: 2100, Mhz Limit: 2100
Processor Information for processor 4
  Max Mhz: 2100, Current Mhz: 2100, Mhz Limit: 2100
Processor Information for processor 5
  Max Mhz: 2100, Current Mhz: 2100, Mhz Limit: 2100
Processor Information for processor 6
  Max Mhz: 2100, Current Mhz: 2100, Mhz Limit: 2100
Processor Information for processor 7
  Max Mhz: 2100, Current Mhz: 2100, Mhz Limit: 2100
Processor Information for processor 8
  Max Mhz: 2100, Current Mhz: 2100, Mhz Limit: 2100
Processor Information for processor 9
  Max Mhz: 2100, Current Mhz: 2100, Mhz Limit: 2100
Processor Information for processor 10
  Max Mhz: 2100, Current Mhz: 1988, Mhz Limit: 2100
Processor Information for processor 11
  Max Mhz: 2100, Current Mhz: 2100, Mhz Limit: 2100

Memory: 4k page, system-wide physical 5989M (169M free)
TotalPageFile size 24421M (AvailPageFile size 18M)
current process WorkingSet (physical memory assigned to process): 10M, peak: 10M
current process commit charge ("private bytes"): 64M, peak: 158M

vm_info: OpenJDK 64-Bit Server VM (21.0.3+-12282718-b509.11) for windows-amd64 JRE (21.0.3+-12282718-b509.11), built on 2024-08-27T17:34:15Z by "builder" with MS VC++ 16.10 / 16.11 (VS2019)

END.
